2020-08-17T09:10:12.626466+09:00 0 [System] [MY-013169] [Server] /usr/sbin/mysqld (mysqld 8.0.21) initializing of server in progress as process 44
2020-08-17T09:10:12.635242+09:00 1 [System] [MY-013576] [InnoDB] InnoDB initialization has started.
2020-08-17T09:10:13.113652+09:00 1 [System] [MY-013577] [InnoDB] InnoDB initialization has ended.
2020-08-17T09:10:14.375467+09:00 6 [Warning] [MY-010453] [Server] root@localhost is created with an empty password ! Please consider switching off the --initialize-insecure option.
2020-08-17T09:10:19.610934+09:00 0 [System] [MY-010116] [Server] /usr/sbin/mysqld (mysqld 8.0.21) starting as process 91
2020-08-17T09:10:19.638538+09:00 1 [System] [MY-013576] [InnoDB] InnoDB initialization has started.
2020-08-17T09:10:19.827685+09:00 1 [System] [MY-013577] [InnoDB] InnoDB initialization has ended.
2020-08-17T09:10:19.933025+09:00 0 [System] [MY-011323] [Server] X Plugin ready for connections. Socket: /var/run/mysqld/mysqlx.sock
2020-08-17T09:10:20.047217+09:00 0 [Warning] [MY-010068] [Server] CA certificate ca.pem is self signed.
2020-08-17T09:10:20.047672+09:00 0 [System] [MY-013602] [Server] Channel mysql_main configured to support TLS. Encrypted connections are now supported for this channel.
2020-08-17T09:10:20.049620+09:00 0 [Warning] [MY-011810] [Server] Insecure configuration for --pid-file: Location '/var/run/mysqld' in the path is accessible to all OS users. Consider choosing a different directory.
2020-08-17T09:10:20.084615+09:00 0 [System] [MY-010931] [Server] /usr/sbin/mysqld: ready for connections. Version: '8.0.21'  socket: '/var/run/mysqld/mysqld.sock'  port: 0  MySQL Community Server - GPL.
2020-08-17T09:10:26.488543+09:00 14 [System] [MY-013172] [Server] Received SHUTDOWN from user root. Shutting down mysqld (Version: 8.0.21).
2020-08-17T09:10:28.680088+09:00 0 [System] [MY-010910] [Server] /usr/sbin/mysqld: Shutdown complete (mysqld 8.0.21)  MySQL Community Server - GPL.
2020-08-17T09:10:29.760645+09:00 0 [System] [MY-010116] [Server] /usr/sbin/mysqld (mysqld 8.0.21) starting as process 1
2020-08-17T09:10:29.774313+09:00 1 [System] [MY-013576] [InnoDB] InnoDB initialization has started.
2020-08-17T09:10:29.981284+09:00 1 [System] [MY-013577] [InnoDB] InnoDB initialization has ended.
2020-08-17T09:10:30.090037+09:00 0 [System] [MY-011323] [Server] X Plugin ready for connections. Bind-address: '::' port: 33060, socket: /var/run/mysqld/mysqlx.sock
2020-08-17T09:10:30.161246+09:00 0 [Warning] [MY-010068] [Server] CA certificate ca.pem is self signed.
2020-08-17T09:10:30.161977+09:00 0 [System] [MY-013602] [Server] Channel mysql_main configured to support TLS. Encrypted connections are now supported for this channel.
2020-08-17T09:10:30.165634+09:00 0 [Warning] [MY-011810] [Server] Insecure configuration for --pid-file: Location '/var/run/mysqld' in the path is accessible to all OS users. Consider choosing a different directory.
2020-08-17T09:10:30.190040+09:00 0 [System] [MY-010931] [Server] /usr/sbin/mysqld: ready for connections. Version: '8.0.21'  socket: '/var/run/mysqld/mysqld.sock'  port: 3306  MySQL Community Server - GPL.
